2024-12-27 12:17:20 - Starting EjercicioApplication using Java 21.0.5 with PID 11104 (C:\Users\a935975\OneDrive - Eviden\Desktop\Formularios\ejercicio\target\classes started by a935975 in C:\Users\a935975\OneDrive - Eviden\Desktop\Formularios\ejercicio)
2024-12-27 12:17:20 - No active profile set, falling back to 1 default profile: "default"
2024-12-27 12:17:21 - Bootstrapping Spring Data JPA repositories in DEFAULT mode.
2024-12-27 12:17:21 - Finished Spring Data repository scanning in 41 ms. Found 2 JPA repository interfaces.
2024-12-27 12:17:21 - Tomcat initialized with port 8080 (http)
2024-12-27 12:17:21 - Initializing ProtocolHandler ["http-nio-8080"]
2024-12-27 12:17:21 - Starting service [Tomcat]
2024-12-27 12:17:21 - Starting Servlet engine: [Apache Tomcat/10.1.34]
2024-12-27 12:17:22 - Initializing Spring embedded WebApplicationContext
2024-12-27 12:17:22 - Root WebApplicationContext: initialization completed in 1368 ms
2024-12-27 12:17:22 - HHH000204: Processing PersistenceUnitInfo [name: default]
2024-12-27 12:17:22 - HHH000026: Second-level cache disabled
2024-12-27 12:17:22 - No LoadTimeWeaver setup: ignoring JPA class transformer
2024-12-27 12:17:22 - HikariPool-12 - Starting...
2024-12-27 12:17:22 - HikariPool-12 - Added connection conn110: url=jdbc:h2:mem:testdb user=SA
2024-12-27 12:17:22 - HikariPool-12 - Start completed.
2024-12-27 12:17:22 - HHH90000025: H2Dialect does not need to be specified explicitly using 'hibernate.dialect' (remove the property setting and it will be selected by default)
2024-12-27 12:17:22 - HHH10001005: Database info:
	Database JDBC URL [Connecting through datasource 'HikariDataSource (HikariPool-12)']
	Database driver: undefined/unknown
	Database version: 2.3.232
	Autocommit mode: undefined/unknown
	Isolation level: undefined/unknown
	Minimum pool size: undefined/unknown
	Maximum pool size: undefined/unknown
2024-12-27 12:17:22 - HHH000489: No JTA platform available (set 'hibernate.transaction.jta.platform' to enable JTA platform integration)
2024-12-27 12:17:22 - Initialized JPA EntityManagerFactory for persistence unit 'default'
2024-12-27 12:17:22 - spring.jpa.open-in-view is enabled by default. Therefore, database queries may be performed during view rendering. Explicitly configure spring.jpa.open-in-view to disable this warning
2024-12-27 12:17:23 - H2 console available at '/h2-console'. Database available at 'jdbc:h2:mem:testdb'
2024-12-27 12:17:23 - LiveReload server is running on port 35729
2024-12-27 12:17:23 - Exposing 1 endpoint beneath base path '/actuator'
2024-12-27 12:17:23 - Starting ProtocolHandler ["http-nio-8080"]
2024-12-27 12:17:23 - Tomcat started on port 8080 (http) with context path '/'
2024-12-27 12:17:23 - Started EjercicioApplication in 3.136 seconds (process running for 854.743)
2024-12-27 12:17:23 - Condition evaluation unchanged
2024-12-27 12:17:44 - Restarting due to 1 class path change (0 additions, 0 deletions, 1 modification)
2024-12-27 12:17:44 - Commencing graceful shutdown. Waiting for active requests to complete
2024-12-27 12:17:44 - Pausing ProtocolHandler ["http-nio-8080"]
2024-12-27 12:17:44 - Graceful shutdown complete
2024-12-27 12:17:44 - Stopping ProtocolHandler ["http-nio-8080"]
2024-12-27 12:17:44 - Closing JPA EntityManagerFactory for persistence unit 'default'
2024-12-27 12:17:44 - Invocation of destroy method failed on bean with name 'inMemoryDatabaseShutdownExecutor': org.h2.jdbc.JdbcSQLNonTransientConnectionException: Database is already closed (to disable automatic closing at VM shutdown, add ";DB_CLOSE_ON_EXIT=FALSE" to the db URL) [90121-232]
2024-12-27 12:17:44 - HikariPool-12 - Shutdown initiated...
2024-12-27 12:17:44 - HikariPool-12 - Shutdown completed.
